[  500.321167] oops: loading out-of-tree module taints kernel.
[  500.321175] oops: module license 'unspecified' taints kernel.
[  500.321178] Disabling lock debugging due to kernel taint
[  500.321220] oops: module verification failed: signature and/or required key missing - tainting kernel
[  500.324382] oops from the module
[  500.338898] BUG: unable to handle kernel NULL pointer dereference at           (null)
[  500.339016] IP: [<ffffffffc009b01a>] my_oops_init+0x1a/0x1000 [oops]
[  500.339111] PGD 0 
[  500.339172] Oops: 0002 [#1] SMP 
[  500.339225] Modules linked in: oops(POE+) snd_intel8x0 snd_ac97_codec vboxvideo ac97_bus ttm snd_pcm drm_kms_helper snd_timer intel_powerclamp drm snd input_leds soundcore fb_sys_fops serio_raw syscopyarea joydev i2c_piix4 sysfillrect sysimgblt vboxguest mac_hid ib_iser rdma_cm iw_cm ib_cm ib_sa ib_mad ib_core ib_addr iscsi_tcp libiscsi_tcp libiscsi scsi_transport_iscsi autofs4 btrfs raid10 raid456 async_raid6_recov async_memcpy async_pq async_xor async_tx xor raid6_pq libcrc32c raid1 raid0 multipath linear hid_generic usbhid hid crct10dif_pclmul crc32_pclmul ghash_clmulni_intel aesni_intel aes_x86_64 lrw gf128mul glue_helper ablk_helper cryptd psmouse ahci libahci e1000 pata_acpi video
[  500.340373] CPU: 0 PID: 2152 Comm: insmod Tainted: P           OE   4.4.0-131-generic #157-Ubuntu
[  500.340477] Hardware name: innotek GmbH VirtualBox/VirtualBox, BIOS VirtualBox 12/01/2006
[  500.340590] task: ffff8800d8f39c00 ti: ffff8800d8e9c000 task.ti: ffff8800d8e9c000
[  500.340680] RIP: 0010:[<ffffffffc009b01a>]  [<ffffffffc009b01a>] my_oops_init+0x1a/0x1000 [oops]
[  500.340776] RSP: 0018:ffff8800d8e9fc88  EFLAGS: 00010246
[  500.340830] RAX: 0000000000000000 RBX: ffffffff81e13080 RCX: 0000000000000000
[  500.340901] RDX: 0000000000000000 RSI: 0000000000000286 RDI: 0000000000000286
[  500.340991] RBP: ffff8800d8e9fc88 R08: ffff8800d8e9c000 R09: 0000000000000000
[  500.341062] R10: 00000000000000df R11: 0000000000000000 R12: ffff8800d7f7e040
[  500.341134] R13: 0000000000000000 R14: ffffffffc009b000 R15: ffff88011992b0c0
[  500.341224] FS:  00007f3264db9700(0000) GS:ffff88011fc00000(0000) knlGS:0000000000000000
[  500.341304] CS:  0010 DS: 0000 ES: 0000 CR0: 0000000080050033
[  500.341362] CR2: 0000000000000000 CR3: 00000000d5dba000 CR4: 0000000000040670
[  500.341438] Stack:
[  500.341482]  ffff8800d8e9fd08 ffffffff81002135 ffffffff8184f2e8 00000000024000c0
[  500.341572]  ffff8800d8e9fcb8 ffffffff8184f31c ffff8800d8e9fd08 ffffffff811f38d5
[  500.341680]  0000000000000001 ffffffffc045c000 0000000000000018 af414331919a7488
[  500.341772] Call Trace:
[  500.341808]  [<ffffffff81002135>] do_one_initcall+0xb5/0x200
[  500.341872]  [<ffffffff8184f2e8>] ? preempt_schedule_common+0x18/0x30
[  500.341942]  [<ffffffff8184f31c>] ? _cond_resched+0x1c/0x30
[  500.342046]  [<ffffffff811f38d5>] ? kmem_cache_alloc_trace+0x185/0x1f0
[  500.342117]  [<ffffffff81192fa5>] do_init_module+0x5f/0x1cf
[  500.344901]  [<ffffffff8110f0ce>] load_module+0x16ae/0x1c50
[  500.347783]  [<ffffffff8110b5d0>] ? __symbol_put+0x60/0x60
[  500.350504]  [<ffffffff8121b6f0>] ? kernel_read+0x50/0x80
[  500.352824]  [<ffffffff8110f8b4>] SYSC_finit_module+0xb4/0xe0
[  500.354993]  [<ffffffff8110f8fe>] SyS_finit_module+0xe/0x10
[  500.357032]  [<ffffffff8185328e>] entry_SYSCALL_64_fastpath+0x22/0xc1
[  500.359518] Code: <c7> 04 25 00 00 00 00 00 00 00 00 31 c0 5d c3 00 00 00 00 00 00 00 
[  500.362015] RIP  [<ffffffffc009b01a>] my_oops_init+0x1a/0x1000 [oops]
[  500.364240]  RSP <ffff8800d8e9fc88>
[  500.366371] CR2: 0000000000000000
[  500.368540] ---[ end trace 16445d2a819e674b ]---
